  Source.cpp
C:\Users\Admin\Documents\Visual Studio 2022\Robot\Robot\Source.cpp(193,24): warning C4244: 'argument': conversion from 'double' to 'GLfloat', possible loss of data
C:\Users\Admin\Documents\Visual Studio 2022\Robot\Robot\Source.cpp(201,47): warning C4244: 'argument': conversion from 'double' to 'GLfloat', possible loss of data
C:\Users\Admin\Documents\Visual Studio 2022\Robot\Robot\Source.cpp(201,25): warning C4244: 'argument': conversion from 'double' to 'GLfloat', possible loss of data
C:\Users\Admin\Documents\Visual Studio 2022\Robot\Robot\Source.cpp(201,17): warning C4244: 'argument': conversion from 'double' to 'GLfloat', possible loss of data
C:\Users\Admin\Documents\Visual Studio 2022\Robot\Robot\Source.cpp(203,32): warning C4244: 'argument': conversion from 'double' to 'GLfloat', possible loss of data
C:\Users\Admin\Documents\Visual Studio 2022\Robot\Robot\Source.cpp(203,23): warning C4244: 'argument': conversion from 'double' to 'GLfloat', possible loss of data
C:\Users\Admin\Documents\Visual Studio 2022\Robot\Robot\Source.cpp(203,14): warning C4244: 'argument': conversion from 'double' to 'GLfloat', possible loss of data
C:\Users\Admin\Documents\Visual Studio 2022\Robot\Robot\Source.cpp(209,33): warning C4244: 'argument': conversion from 'double' to 'GLfloat', possible loss of data
C:\Users\Admin\Documents\Visual Studio 2022\Robot\Robot\Source.cpp(210,15): warning C4244: 'argument': conversion from 'double' to 'GLfloat', possible loss of data
C:\Users\Admin\Documents\Visual Studio 2022\Robot\Robot\Source.cpp(211,19): warning C4305: 'argument': truncation from 'double' to 'GLfloat'
C:\Users\Admin\Documents\Visual Studio 2022\Robot\Robot\Source.cpp(212,32): warning C4244: 'argument': conversion from 'double' to 'GLfloat', possible loss of data
C:\Users\Admin\Documents\Visual Studio 2022\Robot\Robot\Source.cpp(212,23): warning C4244: 'argument': conversion from 'double' to 'GLfloat', possible loss of data
C:\Users\Admin\Documents\Visual Studio 2022\Robot\Robot\Source.cpp(212,14): warning C4244: 'argument': conversion from 'double' to 'GLfloat', possible loss of data
C:\Users\Admin\Documents\Visual Studio 2022\Robot\Robot\Source.cpp(218,54): warning C4244: 'argument': conversion from 'double' to 'GLfloat', possible loss of data
C:\Users\Admin\Documents\Visual Studio 2022\Robot\Robot\Source.cpp(218,17): warning C4244: 'argument': conversion from 'double' to 'GLfloat', possible loss of data
C:\Users\Admin\Documents\Visual Studio 2022\Robot\Robot\Source.cpp(219,15): warning C4244: 'argument': conversion from 'double' to 'GLfloat', possible loss of data
C:\Users\Admin\Documents\Visual Studio 2022\Robot\Robot\Source.cpp(220,16): warning C4305: 'argument': truncation from 'double' to 'GLfloat'
C:\Users\Admin\Documents\Visual Studio 2022\Robot\Robot\Source.cpp(371,13): warning C4305: 'initializing': truncation from 'double' to 'float'
C:\Users\Admin\Documents\Visual Studio 2022\Robot\Robot\Source.cpp(372,18): warning C4305: 'initializing': truncation from 'double' to 'float'
C:\Users\Admin\Documents\Visual Studio 2022\Robot\Robot\Source.cpp(373,18): warning C4305: 'initializing': truncation from 'double' to 'float'
C:\Users\Admin\Documents\Visual Studio 2022\Robot\Robot\Source.cpp(377,17): warning C4244: '+=': conversion from 'double' to 'float', possible loss of data
C:\Users\Admin\Documents\Visual Studio 2022\Robot\Robot\Source.cpp(378,17): warning C4244: '+=': conversion from 'double' to 'float', possible loss of data
C:\Users\Admin\Documents\Visual Studio 2022\Robot\Robot\Source.cpp(381,17): warning C4244: '-=': conversion from 'double' to 'float', possible loss of data
C:\Users\Admin\Documents\Visual Studio 2022\Robot\Robot\Source.cpp(382,17): warning C4244: '-=': conversion from 'double' to 'float', possible loss of data
C:\Users\Admin\Documents\Visual Studio 2022\Robot\Robot\Source.cpp(407,14): warning C4305: 'initializing': truncation from 'double' to 'float'
C:\Users\Admin\Documents\Visual Studio 2022\Robot\Robot\Source.cpp(408,19): warning C4305: 'initializing': truncation from 'double' to 'float'
C:\Users\Admin\Documents\Visual Studio 2022\Robot\Robot\Source.cpp(409,19): warning C4305: 'initializing': truncation from 'double' to 'float'
C:\Users\Admin\Documents\Visual Studio 2022\Robot\Robot\Source.cpp(411,17): warning C4244: '+=': conversion from 'double' to 'float', possible loss of data
C:\Users\Admin\Documents\Visual Studio 2022\Robot\Robot\Source.cpp(412,17): warning C4244: '+=': conversion from 'double' to 'float', possible loss of data
C:\Users\Admin\Documents\Visual Studio 2022\Robot\Robot\Source.cpp(415,17): warning C4244: '-=': conversion from 'double' to 'float', possible loss of data
C:\Users\Admin\Documents\Visual Studio 2022\Robot\Robot\Source.cpp(416,17): warning C4244: '-=': conversion from 'double' to 'float', possible loss of data
C:\Users\Admin\Documents\Visual Studio 2022\Robot\Robot\Source.cpp(425,27): warning C4244: 'argument': conversion from 'double' to 'GLfloat', possible loss of data
C:\Users\Admin\Documents\Visual Studio 2022\Robot\Robot\Source.cpp(665,27): warning C4305: 'argument': truncation from 'double' to 'GLclampf'
C:\Users\Admin\Documents\Visual Studio 2022\Robot\Robot\Source.cpp(665,23): warning C4305: 'argument': truncation from 'double' to 'GLclampf'
C:\Users\Admin\Documents\Visual Studio 2022\Robot\Robot\Source.cpp(665,19): warning C4305: 'argument': truncation from 'double' to 'GLclampf'
C:\Users\Admin\Documents\Visual Studio 2022\Robot\Robot\Source.cpp(681,23): warning C4305: 'initializing': truncation from 'double' to 'GLfloat'
C:\Users\Admin\Documents\Visual Studio 2022\Robot\Robot\Source.cpp(681,28): warning C4305: 'initializing': truncation from 'double' to 'GLfloat'
C:\Users\Admin\Documents\Visual Studio 2022\Robot\Robot\Source.cpp(681,33): warning C4305: 'initializing': truncation from 'double' to 'GLfloat'
  Robot.vcxproj -> C:\Users\Admin\Documents\Visual Studio 2022\Robot\x64\Debug\Robot.exe
